\BOOKMARK [1][-]{section.1}{Introduction}{}% 1
\BOOKMARK [2][-]{subsection.1.1}{Motivation}{section.1}% 2
\BOOKMARK [2][-]{subsection.1.2}{Concurrent Systems}{section.1}% 3
\BOOKMARK [1][-]{section.2}{Describing Processes}{}% 4
\BOOKMARK [2][-]{subsection.2.1}{Actions and LTSs}{section.2}% 5
\BOOKMARK [2][-]{subsection.2.2}{A Process Algebra}{section.2}% 6
\BOOKMARK [2][-]{subsection.2.3}{Axioms of the Process Algebras}{section.2}% 7
\BOOKMARK [1][-]{section.3}{Process Equivalence}{}% 8
\BOOKMARK [2][-]{subsection.3.1}{Equivalences without internal actions}{section.3}% 9
\BOOKMARK [2][-]{subsection.3.2}{Equivalences with internal actions}{section.3}% 10
\BOOKMARK [2][-]{subsection.3.3}{Basic criteria when choosing an equivalence relation}{section.3}% 11
\BOOKMARK [1][-]{section.4}{Modal Logics}{}% 12
\BOOKMARK [2][-]{subsection.4.1}{Hennessy-Milner Logic}{section.4}% 13
\BOOKMARK [2][-]{subsection.4.2}{-calculus}{section.4}% 14
\BOOKMARK [2][-]{subsection.4.3}{Regular formulas}{section.4}% 15
\BOOKMARK [2][-]{subsection.4.4}{Checking Modal Formulas}{section.4}% 16
\BOOKMARK [1][-]{section.5}{Syntactic Manipulation of Processes}{}% 17
\BOOKMARK [2][-]{subsection.5.1}{General Derivation Rules}{section.5}% 18
\BOOKMARK [2][-]{subsection.5.2}{Induction over Data Types}{section.5}% 19
\BOOKMARK [2][-]{subsection.5.3}{Recursive Specification Principle}{section.5}% 20
\BOOKMARK [2][-]{subsection.5.4}{Koomen's Fair Abstraction Rule}{section.5}% 21
\BOOKMARK [2][-]{subsection.5.5}{Linearization, Greibach form and applications}{section.5}% 22
\BOOKMARK [1][-]{section.6}{Modeling time}{}% 23
\BOOKMARK [2][-]{subsection.6.1}{Historical context}{section.6}% 24
\BOOKMARK [2][-]{subsection.6.2}{From actions to timed actions}{section.6}% 25
\BOOKMARK [2][-]{subsection.6.3}{Timed Labeled Transition Systems}{section.6}% 26
\BOOKMARK [2][-]{subsection.6.4}{Behavioral equivalence revamped}{section.6}% 27
\BOOKMARK [2][-]{subsection.6.5}{Timed processes and timed formulas}{section.6}% 28
\BOOKMARK [1][-]{section.7}{mCRL2}{}% 29
\BOOKMARK [2][-]{subsection.7.1}{Language specification}{section.7}% 30
\BOOKMARK [2][-]{subsection.7.2}{Using mCRL2}{section.7}% 31
\BOOKMARK [1][-]{section*.25}{Appendices}{}% 32
\BOOKMARK [1][-]{Appendix.a.A}{Needham-Schroeder protocol}{}% 33
\BOOKMARK [2][-]{subsection.a.A.1}{Description of the protocol}{Appendix.a.A}% 34
\BOOKMARK [2][-]{subsection.a.A.2}{Attack pattern and how to fix it}{Appendix.a.A}% 35
\BOOKMARK [2][-]{subsection.a.A.3}{Modeling and verification}{Appendix.a.A}% 36
\BOOKMARK [1][-]{Appendix.a.B}{TCP timed modeling}{}% 37
\BOOKMARK [1][-]{Appendix.a.C}{Mutual exclusion: Tie-Breaker and Ticket algorithms}{}% 38
\BOOKMARK [2][-]{subsection.a.C.1}{Tie-breaker algorithm}{Appendix.a.C}% 39
\BOOKMARK [2][-]{subsection.a.C.2}{Ticket algorithm}{Appendix.a.C}% 40
\BOOKMARK [1][-]{Appendix.a.D}{Dining philosopher's problem}{}% 41
\BOOKMARK [1][-]{Appendix.a.E}{-calculus fixed point existence}{}% 42
